cloud-consul-payment-server 2023-03-13 17:20:39.336 INFO org.springframework.boot.StartupInfoLogger.logStarting Starting PaymentServerConsul using Java 1.8.0_221 on xiaoxin-air14 with PID 16908 (D:\workspace\cloud-service\cloud-payment-consul\target\classes started by lenovo in D:\workspace\cloud-service) 
cloud-consul-payment-server 2023-03-13 17:20:39.338 DEBUG org.springframework.boot.StartupInfoLogger.logStarting Running with Spring Boot v2.6.4, Spring v5.3.16 
cloud-consul-payment-server 2023-03-13 17:20:39.339 INFO org.springframework.boot.SpringApplication.logStartupProfileInfo No active profile set, falling back to 1 default profile: "default" 
cloud-consul-payment-server 2023-03-13 17:20:40.124 INFO org.springframework.cloud.context.scope.GenericScope.setSerializationId BeanFactory id=9ed4388d-873e-372f-975a-920087975905 
cloud-consul-payment-server 2023-03-13 17:20:40.190 INFO org.springframework.context.support.PostProcessorRegistrationDelegate$BeanPostProcessorChecker.postProcessAfterInitialization Bean 'org.springframework.retry.annotation.RetryConfiguration' of type [org.springframework.retry.annotation.RetryConfiguration] is not eligible for getting processed by all BeanPostProcessors (for example: not eligible for auto-proxying) 
cloud-consul-payment-server 2023-03-13 17:20:40.381 INFO org.springframework.boot.web.embedded.tomcat.TomcatWebServer.initialize Tomcat initialized with port(s): 8004 (http) 
cloud-consul-payment-server 2023-03-13 17:20:40.388 INFO org.apache.juli.logging.DirectJDKLog.log Starting service [Tomcat] 
cloud-consul-payment-server 2023-03-13 17:20:40.388 INFO org.apache.juli.logging.DirectJDKLog.log Starting Servlet engine: [Apache Tomcat/9.0.58] 
cloud-consul-payment-server 2023-03-13 17:20:40.470 INFO org.apache.juli.logging.DirectJDKLog.log Initializing Spring embedded WebApplicationContext 
cloud-consul-payment-server 2023-03-13 17:20:40.470 INFO org.springframework.boot.web.servlet.context.ServletWebServerApplicationContext.prepareWebApplicationContext Root WebApplicationContext: initialization completed in 1099 ms 
cloud-consul-payment-server 2023-03-13 17:20:42.264 WARN org.springframework.cloud.loadbalancer.config.LoadBalancerCacheAutoConfiguration$LoadBalancerCaffeineWarnLogger.logWarning Spring Cloud LoadBalancer is currently working with the default cache. While this cache implementation is useful for development and tests, it's recommended to use Caffeine cache in production.You can switch to using Caffeine cache, by adding it and org.springframework.cache.caffeine.CaffeineCacheManager to the classpath. 
cloud-consul-payment-server 2023-03-13 17:20:42.276 INFO org.springframework.boot.actuate.endpoint.web.EndpointLinksResolver.<init> Exposing 1 endpoint(s) beneath base path '/actuator' 
cloud-consul-payment-server 2023-03-13 17:20:42.368 INFO org.springframework.boot.web.embedded.tomcat.TomcatWebServer.start Tomcat started on port(s): 8004 (http) with context path '' 
cloud-consul-payment-server 2023-03-13 17:20:42.380 INFO org.springframework.cloud.consul.serviceregistry.ConsulServiceRegistry.register Registering service with consul: NewService{id='cloud-consul-payment-server-8004', name='cloud-consul-payment-server', tags=[], address='xiaoxin-air14', meta={secure=false}, port=8004, enableTagOverride=null, check=Check{script='null', dockerContainerID='null', shell='null', interval='10s', ttl='null', http='http://xiaoxin-air14:8004/actuator/health', method='null', header={}, tcp='null', timeout='null', deregisterCriticalServiceAfter='null', tlsSkipVerify=null, status='null', grpc='null', grpcUseTLS=null}, checks=null} 
cloud-consul-payment-server 2023-03-13 17:20:42.708 INFO org.springframework.boot.StartupInfoLogger.logStarted Started PaymentServerConsul in 4.018 seconds (JVM running for 4.845) 
cloud-consul-payment-server 2023-03-13 17:20:43.240 INFO org.springframework.amqp.rabbit.connection.AbstractConnectionFactory.connectAddresses Attempting to connect to: [192.168.28.148:5672] 
cloud-consul-payment-server 2023-03-13 17:20:43.242 INFO org.apache.juli.logging.DirectJDKLog.log Initializing Spring DispatcherServlet 'dispatcherServlet' 
cloud-consul-payment-server 2023-03-13 17:20:43.243 INFO org.springframework.web.servlet.FrameworkServlet.initServletBean Initializing Servlet 'dispatcherServlet' 
cloud-consul-payment-server 2023-03-13 17:20:43.245 INFO org.springframework.web.servlet.FrameworkServlet.initServletBean Completed initialization in 2 ms 
cloud-consul-payment-server 2023-03-13 17:20:43.269 INFO org.springframework.amqp.rabbit.connection.AbstractConnectionFactory.createBareConnection Created new connection: rabbitConnectionFactory#a96d56c:0/SimpleConnection@55bce7ad [delegate=amqp://guest@192.168.28.148:5672/, localPort= 57704] 
cloud-consul-payment-server 2023-03-13 17:26:16.520 INFO org.springframework.cloud.consul.serviceregistry.ConsulServiceRegistry.deregister Deregistering service with consul: cloud-consul-payment-server-8004 
cloud-consul-payment-server 2023-03-13 17:26:39.122 INFO org.springframework.boot.StartupInfoLogger.logStarting Starting PaymentServerConsul using Java 1.8.0_221 on xiaoxin-air14 with PID 15572 (D:\workspace\cloud-service\cloud-payment-consul\target\classes started by lenovo in D:\workspace\cloud-service) 
cloud-consul-payment-server 2023-03-13 17:26:39.124 DEBUG org.springframework.boot.StartupInfoLogger.logStarting Running with Spring Boot v2.6.4, Spring v5.3.16 
cloud-consul-payment-server 2023-03-13 17:26:39.125 INFO org.springframework.boot.SpringApplication.logStartupProfileInfo No active profile set, falling back to 1 default profile: "default" 
cloud-consul-payment-server 2023-03-13 17:26:39.933 INFO org.springframework.cloud.context.scope.GenericScope.setSerializationId BeanFactory id=9ed4388d-873e-372f-975a-920087975905 
cloud-consul-payment-server 2023-03-13 17:26:39.996 INFO org.springframework.context.support.PostProcessorRegistrationDelegate$BeanPostProcessorChecker.postProcessAfterInitialization Bean 'org.springframework.retry.annotation.RetryConfiguration' of type [org.springframework.retry.annotation.RetryConfiguration] is not eligible for getting processed by all BeanPostProcessors (for example: not eligible for auto-proxying) 
cloud-consul-payment-server 2023-03-13 17:26:40.186 INFO org.springframework.boot.web.embedded.tomcat.TomcatWebServer.initialize Tomcat initialized with port(s): 8004 (http) 
cloud-consul-payment-server 2023-03-13 17:26:40.192 INFO org.apache.juli.logging.DirectJDKLog.log Starting service [Tomcat] 
cloud-consul-payment-server 2023-03-13 17:26:40.193 INFO org.apache.juli.logging.DirectJDKLog.log Starting Servlet engine: [Apache Tomcat/9.0.58] 
cloud-consul-payment-server 2023-03-13 17:26:40.286 INFO org.apache.juli.logging.DirectJDKLog.log Initializing Spring embedded WebApplicationContext 
cloud-consul-payment-server 2023-03-13 17:26:40.286 INFO org.springframework.boot.web.servlet.context.ServletWebServerApplicationContext.prepareWebApplicationContext Root WebApplicationContext: initialization completed in 1132 ms 
cloud-consul-payment-server 2023-03-13 17:26:42.157 WARN org.springframework.cloud.loadbalancer.config.LoadBalancerCacheAutoConfiguration$LoadBalancerCaffeineWarnLogger.logWarning Spring Cloud LoadBalancer is currently working with the default cache. While this cache implementation is useful for development and tests, it's recommended to use Caffeine cache in production.You can switch to using Caffeine cache, by adding it and org.springframework.cache.caffeine.CaffeineCacheManager to the classpath. 
cloud-consul-payment-server 2023-03-13 17:26:42.169 INFO org.springframework.boot.actuate.endpoint.web.EndpointLinksResolver.<init> Exposing 1 endpoint(s) beneath base path '/actuator' 
cloud-consul-payment-server 2023-03-13 17:26:42.264 INFO org.springframework.boot.web.embedded.tomcat.TomcatWebServer.start Tomcat started on port(s): 8004 (http) with context path '' 
cloud-consul-payment-server 2023-03-13 17:26:42.276 INFO org.springframework.cloud.consul.serviceregistry.ConsulServiceRegistry.register Registering service with consul: NewService{id='cloud-consul-payment-server-8004', name='cloud-consul-payment-server', tags=[], address='xiaoxin-air14', meta={secure=false}, port=8004, enableTagOverride=null, check=Check{script='null', dockerContainerID='null', shell='null', interval='10s', ttl='null', http='http://xiaoxin-air14:8004/actuator/health', method='null', header={}, tcp='null', timeout='null', deregisterCriticalServiceAfter='null', tlsSkipVerify=null, status='null', grpc='null', grpcUseTLS=null}, checks=null} 
cloud-consul-payment-server 2023-03-13 17:26:42.626 INFO org.springframework.boot.StartupInfoLogger.logStarted Started PaymentServerConsul in 4.174 seconds (JVM running for 5.007) 
cloud-consul-payment-server 2023-03-13 17:26:43.383 INFO org.springframework.amqp.rabbit.connection.AbstractConnectionFactory.connectAddresses Attempting to connect to: [192.168.28.148:5672] 
cloud-consul-payment-server 2023-03-13 17:26:43.385 INFO org.apache.juli.logging.DirectJDKLog.log Initializing Spring DispatcherServlet 'dispatcherServlet' 
cloud-consul-payment-server 2023-03-13 17:26:43.385 INFO org.springframework.web.servlet.FrameworkServlet.initServletBean Initializing Servlet 'dispatcherServlet' 
cloud-consul-payment-server 2023-03-13 17:26:43.387 INFO org.springframework.web.servlet.FrameworkServlet.initServletBean Completed initialization in 2 ms 
cloud-consul-payment-server 2023-03-13 17:26:43.414 INFO org.springframework.amqp.rabbit.connection.AbstractConnectionFactory.createBareConnection Created new connection: rabbitConnectionFactory#26c89563:0/SimpleConnection@5e10e640 [delegate=amqp://guest@192.168.28.148:5672/, localPort= 58319] 
cloud-consul-payment-server 2023-03-13 17:29:20.947 INFO org.springframework.cloud.consul.serviceregistry.ConsulServiceRegistry.deregister Deregistering service with consul: cloud-consul-payment-server-8004 
cloud-consul-payment-server 2023-03-13 17:29:25.229 INFO org.springframework.boot.StartupInfoLogger.logStarting Starting PaymentServerConsul using Java 1.8.0_221 on xiaoxin-air14 with PID 22140 (D:\workspace\cloud-service\cloud-payment-consul\target\classes started by lenovo in D:\workspace\cloud-service) 
cloud-consul-payment-server 2023-03-13 17:29:25.231 DEBUG org.springframework.boot.StartupInfoLogger.logStarting Running with Spring Boot v2.6.4, Spring v5.3.16 
cloud-consul-payment-server 2023-03-13 17:29:25.232 INFO org.springframework.boot.SpringApplication.logStartupProfileInfo No active profile set, falling back to 1 default profile: "default" 
cloud-consul-payment-server 2023-03-13 17:29:26.134 INFO org.springframework.cloud.context.scope.GenericScope.setSerializationId BeanFactory id=9ed4388d-873e-372f-975a-920087975905 
cloud-consul-payment-server 2023-03-13 17:29:26.214 INFO org.springframework.context.support.PostProcessorRegistrationDelegate$BeanPostProcessorChecker.postProcessAfterInitialization Bean 'org.springframework.retry.annotation.RetryConfiguration' of type [org.springframework.retry.annotation.RetryConfiguration] is not eligible for getting processed by all BeanPostProcessors (for example: not eligible for auto-proxying) 
cloud-consul-payment-server 2023-03-13 17:29:26.419 INFO org.springframework.boot.web.embedded.tomcat.TomcatWebServer.initialize Tomcat initialized with port(s): 8004 (http) 
cloud-consul-payment-server 2023-03-13 17:29:26.429 INFO org.apache.juli.logging.DirectJDKLog.log Starting service [Tomcat] 
cloud-consul-payment-server 2023-03-13 17:29:26.430 INFO org.apache.juli.logging.DirectJDKLog.log Starting Servlet engine: [Apache Tomcat/9.0.58] 
cloud-consul-payment-server 2023-03-13 17:29:26.540 INFO org.apache.juli.logging.DirectJDKLog.log Initializing Spring embedded WebApplicationContext 
cloud-consul-payment-server 2023-03-13 17:29:26.540 INFO org.springframework.boot.web.servlet.context.ServletWebServerApplicationContext.prepareWebApplicationContext Root WebApplicationContext: initialization completed in 1275 ms 
cloud-consul-payment-server 2023-03-13 17:29:28.470 WARN org.springframework.cloud.loadbalancer.config.LoadBalancerCacheAutoConfiguration$LoadBalancerCaffeineWarnLogger.logWarning Spring Cloud LoadBalancer is currently working with the default cache. While this cache implementation is useful for development and tests, it's recommended to use Caffeine cache in production.You can switch to using Caffeine cache, by adding it and org.springframework.cache.caffeine.CaffeineCacheManager to the classpath. 
cloud-consul-payment-server 2023-03-13 17:29:28.485 INFO org.springframework.boot.actuate.endpoint.web.EndpointLinksResolver.<init> Exposing 1 endpoint(s) beneath base path '/actuator' 
cloud-consul-payment-server 2023-03-13 17:29:28.584 INFO org.springframework.boot.web.embedded.tomcat.TomcatWebServer.start Tomcat started on port(s): 8004 (http) with context path '' 
cloud-consul-payment-server 2023-03-13 17:29:28.598 INFO org.springframework.cloud.consul.serviceregistry.ConsulServiceRegistry.register Registering service with consul: NewService{id='cloud-consul-payment-server-8004', name='cloud-consul-payment-server', tags=[], address='xiaoxin-air14', meta={secure=false}, port=8004, enableTagOverride=null, check=Check{script='null', dockerContainerID='null', shell='null', interval='10s', ttl='null', http='http://xiaoxin-air14:8004/actuator/health', method='null', header={}, tcp='null', timeout='null', deregisterCriticalServiceAfter='null', tlsSkipVerify=null, status='null', grpc='null', grpcUseTLS=null}, checks=null} 
cloud-consul-payment-server 2023-03-13 17:29:28.939 INFO org.springframework.boot.StartupInfoLogger.logStarted Started PaymentServerConsul in 4.434 seconds (JVM running for 5.214) 
cloud-consul-payment-server 2023-03-13 17:29:29.451 INFO org.springframework.amqp.rabbit.connection.AbstractConnectionFactory.connectAddresses Attempting to connect to: [192.168.28.148:5672] 
cloud-consul-payment-server 2023-03-13 17:29:29.453 INFO org.apache.juli.logging.DirectJDKLog.log Initializing Spring DispatcherServlet 'dispatcherServlet' 
cloud-consul-payment-server 2023-03-13 17:29:29.453 INFO org.springframework.web.servlet.FrameworkServlet.initServletBean Initializing Servlet 'dispatcherServlet' 
cloud-consul-payment-server 2023-03-13 17:29:29.455 INFO org.springframework.web.servlet.FrameworkServlet.initServletBean Completed initialization in 2 ms 
cloud-consul-payment-server 2023-03-13 17:29:29.481 INFO org.springframework.amqp.rabbit.connection.AbstractConnectionFactory.createBareConnection Created new connection: rabbitConnectionFactory#44ed0a8f:0/SimpleConnection@57606617 [delegate=amqp://guest@192.168.28.148:5672/, localPort= 58557] 
cloud-consul-payment-server 2023-03-13 17:29:52.676 INFO org.springframework.cloud.consul.serviceregistry.ConsulServiceRegistry.deregister Deregistering service with consul: cloud-consul-payment-server-8004 
cloud-consul-payment-server 2023-03-13 17:29:57.350 INFO org.springframework.boot.StartupInfoLogger.logStarting Starting PaymentServerConsul using Java 1.8.0_221 on xiaoxin-air14 with PID 22096 (D:\workspace\cloud-service\cloud-payment-consul\target\classes started by lenovo in D:\workspace\cloud-service) 
cloud-consul-payment-server 2023-03-13 17:29:57.352 DEBUG org.springframework.boot.StartupInfoLogger.logStarting Running with Spring Boot v2.6.4, Spring v5.3.16 
cloud-consul-payment-server 2023-03-13 17:29:57.353 INFO org.springframework.boot.SpringApplication.logStartupProfileInfo No active profile set, falling back to 1 default profile: "default" 
cloud-consul-payment-server 2023-03-13 17:29:58.340 INFO org.springframework.cloud.context.scope.GenericScope.setSerializationId BeanFactory id=9ed4388d-873e-372f-975a-920087975905 
cloud-consul-payment-server 2023-03-13 17:29:58.407 INFO org.springframework.context.support.PostProcessorRegistrationDelegate$BeanPostProcessorChecker.postProcessAfterInitialization Bean 'org.springframework.retry.annotation.RetryConfiguration' of type [org.springframework.retry.annotation.RetryConfiguration] is not eligible for getting processed by all BeanPostProcessors (for example: not eligible for auto-proxying) 
cloud-consul-payment-server 2023-03-13 17:29:58.702 INFO org.springframework.boot.web.embedded.tomcat.TomcatWebServer.initialize Tomcat initialized with port(s): 8004 (http) 
cloud-consul-payment-server 2023-03-13 17:29:58.714 INFO org.apache.juli.logging.DirectJDKLog.log Starting service [Tomcat] 
cloud-consul-payment-server 2023-03-13 17:29:58.715 INFO org.apache.juli.logging.DirectJDKLog.log Starting Servlet engine: [Apache Tomcat/9.0.58] 
cloud-consul-payment-server 2023-03-13 17:29:58.819 INFO org.apache.juli.logging.DirectJDKLog.log Initializing Spring embedded WebApplicationContext 
cloud-consul-payment-server 2023-03-13 17:29:58.819 INFO org.springframework.boot.web.servlet.context.ServletWebServerApplicationContext.prepareWebApplicationContext Root WebApplicationContext: initialization completed in 1428 ms 
cloud-consul-payment-server 2023-03-13 17:30:00.796 WARN org.springframework.cloud.loadbalancer.config.LoadBalancerCacheAutoConfiguration$LoadBalancerCaffeineWarnLogger.logWarning Spring Cloud LoadBalancer is currently working with the default cache. While this cache implementation is useful for development and tests, it's recommended to use Caffeine cache in production.You can switch to using Caffeine cache, by adding it and org.springframework.cache.caffeine.CaffeineCacheManager to the classpath. 
cloud-consul-payment-server 2023-03-13 17:30:00.808 INFO org.springframework.boot.actuate.endpoint.web.EndpointLinksResolver.<init> Exposing 1 endpoint(s) beneath base path '/actuator' 
cloud-consul-payment-server 2023-03-13 17:30:00.906 INFO org.springframework.boot.web.embedded.tomcat.TomcatWebServer.start Tomcat started on port(s): 8004 (http) with context path '' 
cloud-consul-payment-server 2023-03-13 17:30:00.919 INFO org.springframework.cloud.consul.serviceregistry.ConsulServiceRegistry.register Registering service with consul: NewService{id='cloud-consul-payment-server-8004', name='cloud-consul-payment-server', tags=[], address='xiaoxin-air14', meta={secure=false}, port=8004, enableTagOverride=null, check=Check{script='null', dockerContainerID='null', shell='null', interval='10s', ttl='null', http='http://xiaoxin-air14:8004/actuator/health', method='null', header={}, tcp='null', timeout='null', deregisterCriticalServiceAfter='null', tlsSkipVerify=null, status='null', grpc='null', grpcUseTLS=null}, checks=null} 
cloud-consul-payment-server 2023-03-13 17:30:01.281 INFO org.springframework.boot.StartupInfoLogger.logStarted Started PaymentServerConsul in 4.617 seconds (JVM running for 5.438) 
cloud-consul-payment-server 2023-03-13 17:30:02.070 INFO org.springframework.amqp.rabbit.connection.AbstractConnectionFactory.connectAddresses Attempting to connect to: [192.168.28.148:5672] 
cloud-consul-payment-server 2023-03-13 17:30:02.073 INFO org.apache.juli.logging.DirectJDKLog.log Initializing Spring DispatcherServlet 'dispatcherServlet' 
cloud-consul-payment-server 2023-03-13 17:30:02.074 INFO org.springframework.web.servlet.FrameworkServlet.initServletBean Initializing Servlet 'dispatcherServlet' 
cloud-consul-payment-server 2023-03-13 17:30:02.077 INFO org.springframework.web.servlet.FrameworkServlet.initServletBean Completed initialization in 3 ms 
cloud-consul-payment-server 2023-03-13 17:30:02.115 INFO org.springframework.amqp.rabbit.connection.AbstractConnectionFactory.createBareConnection Created new connection: rabbitConnectionFactory#2a8a4e0c:0/SimpleConnection@7f86a6ab [delegate=amqp://guest@192.168.28.148:5672/, localPort= 58632] 
cloud-consul-payment-server 2023-03-13 17:38:08.058 INFO org.springframework.cloud.consul.serviceregistry.ConsulServiceRegistry.deregister Deregistering service with consul: cloud-consul-payment-server-8004 
cloud-consul-payment-server 2023-03-13 17:38:16.462 INFO org.springframework.boot.StartupInfoLogger.logStarting Starting PaymentServerConsul using Java 1.8.0_221 on xiaoxin-air14 with PID 18280 (D:\workspace\cloud-service\cloud-payment-consul\target\classes started by lenovo in D:\workspace\cloud-service) 
cloud-consul-payment-server 2023-03-13 17:38:16.464 DEBUG org.springframework.boot.StartupInfoLogger.logStarting Running with Spring Boot v2.6.4, Spring v5.3.16 
cloud-consul-payment-server 2023-03-13 17:38:16.465 INFO org.springframework.boot.SpringApplication.logStartupProfileInfo No active profile set, falling back to 1 default profile: "default" 
cloud-consul-payment-server 2023-03-13 17:38:17.382 INFO org.springframework.cloud.context.scope.GenericScope.setSerializationId BeanFactory id=bbc07ee1-9a6c-37f8-8de5-d483626db6d6 
cloud-consul-payment-server 2023-03-13 17:38:17.488 INFO org.springframework.context.support.PostProcessorRegistrationDelegate$BeanPostProcessorChecker.postProcessAfterInitialization Bean 'org.springframework.retry.annotation.RetryConfiguration' of type [org.springframework.retry.annotation.RetryConfiguration] is not eligible for getting processed by all BeanPostProcessors (for example: not eligible for auto-proxying) 
cloud-consul-payment-server 2023-03-13 17:38:17.679 INFO org.springframework.boot.web.embedded.tomcat.TomcatWebServer.initialize Tomcat initialized with port(s): 8004 (http) 
cloud-consul-payment-server 2023-03-13 17:38:17.688 INFO org.apache.juli.logging.DirectJDKLog.log Starting service [Tomcat] 
cloud-consul-payment-server 2023-03-13 17:38:17.688 INFO org.apache.juli.logging.DirectJDKLog.log Starting Servlet engine: [Apache Tomcat/9.0.58] 
cloud-consul-payment-server 2023-03-13 17:38:17.779 INFO org.apache.juli.logging.DirectJDKLog.log Initializing Spring embedded WebApplicationContext 
cloud-consul-payment-server 2023-03-13 17:38:17.779 INFO org.springframework.boot.web.servlet.context.ServletWebServerApplicationContext.prepareWebApplicationContext Root WebApplicationContext: initialization completed in 1281 ms 
cloud-consul-payment-server 2023-03-13 17:38:19.945 WARN org.springframework.cloud.loadbalancer.config.LoadBalancerCacheAutoConfiguration$LoadBalancerCaffeineWarnLogger.logWarning Spring Cloud LoadBalancer is currently working with the default cache. While this cache implementation is useful for development and tests, it's recommended to use Caffeine cache in production.You can switch to using Caffeine cache, by adding it and org.springframework.cache.caffeine.CaffeineCacheManager to the classpath. 
cloud-consul-payment-server 2023-03-13 17:38:19.958 INFO org.springframework.boot.actuate.endpoint.web.EndpointLinksResolver.<init> Exposing 1 endpoint(s) beneath base path '/actuator' 
cloud-consul-payment-server 2023-03-13 17:38:20.079 INFO org.springframework.boot.web.embedded.tomcat.TomcatWebServer.start Tomcat started on port(s): 8004 (http) with context path '' 
cloud-consul-payment-server 2023-03-13 17:38:20.091 INFO org.springframework.cloud.consul.serviceregistry.ConsulServiceRegistry.register Registering service with consul: NewService{id='cloud-consul-payment-server-8004', name='cloud-consul-payment-server', tags=[], address='xiaoxin-air14', meta={secure=false}, port=8004, enableTagOverride=null, check=Check{script='null', dockerContainerID='null', shell='null', interval='10s', ttl='null', http='http://xiaoxin-air14:8004/actuator/health', method='null', header={}, tcp='null', timeout='null', deregisterCriticalServiceAfter='null', tlsSkipVerify=null, status='null', grpc='null', grpcUseTLS=null}, checks=null} 
cloud-consul-payment-server 2023-03-13 17:38:20.465 INFO org.springframework.boot.StartupInfoLogger.logStarted Started PaymentServerConsul in 4.7 seconds (JVM running for 5.588) 
cloud-consul-payment-server 2023-03-13 17:38:20.963 INFO org.springframework.amqp.rabbit.connection.AbstractConnectionFactory.connectAddresses Attempting to connect to: [192.168.28.148:5672] 
cloud-consul-payment-server 2023-03-13 17:38:20.965 INFO org.apache.juli.logging.DirectJDKLog.log Initializing Spring DispatcherServlet 'dispatcherServlet' 
cloud-consul-payment-server 2023-03-13 17:38:20.966 INFO org.springframework.web.servlet.FrameworkServlet.initServletBean Initializing Servlet 'dispatcherServlet' 
cloud-consul-payment-server 2023-03-13 17:38:20.969 INFO org.springframework.web.servlet.FrameworkServlet.initServletBean Completed initialization in 2 ms 
cloud-consul-payment-server 2023-03-13 17:38:20.990 INFO org.springframework.amqp.rabbit.connection.AbstractConnectionFactory.createBareConnection Created new connection: rabbitConnectionFactory#68dd39d2:0/SimpleConnection@69fced96 [delegate=amqp://guest@192.168.28.148:5672/, localPort= 59351] 
cloud-consul-payment-server 2023-03-13 17:38:21.061 INFO com.alibaba.druid.pool.DruidDataSource.init {dataSource-1} inited 
cloud-consul-payment-server 2023-03-13 17:39:17.928 INFO com.jojo.controller.BaseController.get BaseController get() request[{id=1}]>>>>>> 
cloud-consul-payment-server 2023-03-13 17:39:17.949 DEBUG org.apache.ibatis.logging.jdbc.BaseJdbcLogger.debug ==>  Preparing: select * from payment where id = ? 
cloud-consul-payment-server 2023-03-13 17:39:17.969 DEBUG org.apache.ibatis.logging.jdbc.BaseJdbcLogger.debug ==> Parameters: 1(Long) 
cloud-consul-payment-server 2023-03-13 17:39:18.013 DEBUG org.apache.ibatis.logging.jdbc.BaseJdbcLogger.debug <==      Total: 1 
cloud-consul-payment-server 2023-03-13 17:41:00.246 INFO com.jojo.controller.BaseController.get BaseController get() request[{id=1}]>>>>>> 
cloud-consul-payment-server 2023-03-13 17:41:00.247 DEBUG org.apache.ibatis.logging.jdbc.BaseJdbcLogger.debug ==>  Preparing: select * from payment where id = ? 
cloud-consul-payment-server 2023-03-13 17:41:00.247 DEBUG org.apache.ibatis.logging.jdbc.BaseJdbcLogger.debug ==> Parameters: 1(Long) 
cloud-consul-payment-server 2023-03-13 17:41:00.248 DEBUG org.apache.ibatis.logging.jdbc.BaseJdbcLogger.debug <==      Total: 1 
cloud-consul-payment-server 2023-03-13 17:58:08.549 INFO org.springframework.cloud.consul.serviceregistry.ConsulServiceRegistry.deregister Deregistering service with consul: cloud-consul-payment-server-8004 
cloud-consul-payment-server 2023-03-13 17:58:08.573 INFO com.alibaba.druid.pool.DruidDataSource.close {dataSource-1} closing ... 
cloud-consul-payment-server 2023-03-13 17:58:08.577 INFO com.alibaba.druid.pool.DruidDataSource.close {dataSource-1} closed 
