cloud-consul-order-server 2023-03-13 17:13:25.146 INFO org.springframework.boot.StartupInfoLogger.logStarting Starting OrderServerConsul using Java 1.8.0_221 on xiaoxin-air14 with PID 8144 (D:\workspace\cloud-service\cloud-order-consul\target\classes started by lenovo in D:\workspace\cloud-service) 
cloud-consul-order-server 2023-03-13 17:13:25.149 DEBUG org.springframework.boot.StartupInfoLogger.logStarting Running with Spring Boot v2.6.4, Spring v5.3.16 
cloud-consul-order-server 2023-03-13 17:13:25.150 INFO org.springframework.boot.SpringApplication.logStartupProfileInfo No active profile set, falling back to 1 default profile: "default" 
cloud-consul-order-server 2023-03-13 17:13:26.023 INFO org.springframework.cloud.context.scope.GenericScope.setSerializationId BeanFactory id=20b5e5f2-197b-366f-968a-8f1180a8fb18 
cloud-consul-order-server 2023-03-13 17:13:26.097 INFO org.springframework.context.support.PostProcessorRegistrationDelegate$BeanPostProcessorChecker.postProcessAfterInitialization Bean 'org.springframework.retry.annotation.RetryConfiguration' of type [org.springframework.retry.annotation.RetryConfiguration] is not eligible for getting processed by all BeanPostProcessors (for example: not eligible for auto-proxying) 
cloud-consul-order-server 2023-03-13 17:13:26.292 INFO org.springframework.boot.web.embedded.tomcat.TomcatWebServer.initialize Tomcat initialized with port(s): 9004 (http) 
cloud-consul-order-server 2023-03-13 17:13:26.299 INFO org.apache.juli.logging.DirectJDKLog.log Starting service [Tomcat] 
cloud-consul-order-server 2023-03-13 17:13:26.299 INFO org.apache.juli.logging.DirectJDKLog.log Starting Servlet engine: [Apache Tomcat/9.0.58] 
cloud-consul-order-server 2023-03-13 17:13:26.392 INFO org.apache.juli.logging.DirectJDKLog.log Initializing Spring embedded WebApplicationContext 
cloud-consul-order-server 2023-03-13 17:13:26.392 INFO org.springframework.boot.web.servlet.context.ServletWebServerApplicationContext.prepareWebApplicationContext Root WebApplicationContext: initialization completed in 1202 ms 
cloud-consul-order-server 2023-03-13 17:13:28.251 WARN org.springframework.cloud.loadbalancer.config.LoadBalancerCacheAutoConfiguration$LoadBalancerCaffeineWarnLogger.logWarning Spring Cloud LoadBalancer is currently working with the default cache. While this cache implementation is useful for development and tests, it's recommended to use Caffeine cache in production.You can switch to using Caffeine cache, by adding it and org.springframework.cache.caffeine.CaffeineCacheManager to the classpath. 
cloud-consul-order-server 2023-03-13 17:13:28.263 INFO org.springframework.boot.actuate.endpoint.web.EndpointLinksResolver.<init> Exposing 1 endpoint(s) beneath base path '/actuator' 
cloud-consul-order-server 2023-03-13 17:13:28.356 INFO org.springframework.boot.web.embedded.tomcat.TomcatWebServer.start Tomcat started on port(s): 9004 (http) with context path '' 
cloud-consul-order-server 2023-03-13 17:13:28.369 INFO org.springframework.cloud.consul.serviceregistry.ConsulServiceRegistry.register Registering service with consul: NewService{id='cloud-consul-order-server-9004', name='cloud-consul-order-server', tags=[], address='xiaoxin-air14', meta={secure=false}, port=9004, enableTagOverride=null, check=Check{script='null', dockerContainerID='null', shell='null', interval='10s', ttl='null', http='http://xiaoxin-air14:9004/actuator/health', method='null', header={}, tcp='null', timeout='null', deregisterCriticalServiceAfter='null', tlsSkipVerify=null, status='null', grpc='null', grpcUseTLS=null}, checks=null} 
cloud-consul-order-server 2023-03-13 17:13:28.705 INFO org.springframework.boot.StartupInfoLogger.logStarted Started OrderServerConsul in 4.434 seconds (JVM running for 5.191) 
cloud-consul-order-server 2023-03-13 17:13:29.080 INFO org.apache.juli.logging.DirectJDKLog.log Initializing Spring DispatcherServlet 'dispatcherServlet' 
cloud-consul-order-server 2023-03-13 17:13:29.081 INFO org.springframework.web.servlet.FrameworkServlet.initServletBean Initializing Servlet 'dispatcherServlet' 
cloud-consul-order-server 2023-03-13 17:13:29.082 INFO org.springframework.web.servlet.FrameworkServlet.initServletBean Completed initialization in 1 ms 
cloud-consul-order-server 2023-03-13 17:13:29.116 INFO org.springframework.amqp.rabbit.connection.AbstractConnectionFactory.connectAddresses Attempting to connect to: [192.168.28.148:5672] 
cloud-consul-order-server 2023-03-13 17:13:29.145 INFO org.springframework.amqp.rabbit.connection.AbstractConnectionFactory.createBareConnection Created new connection: rabbitConnectionFactory#e26af6:0/SimpleConnection@23800f8a [delegate=amqp://guest@192.168.28.148:5672/, localPort= 56980] 
cloud-consul-order-server 2023-03-13 17:16:08.324 INFO org.springframework.cloud.consul.serviceregistry.ConsulServiceRegistry.deregister Deregistering service with consul: cloud-consul-order-server-9004 
cloud-consul-order-server 2023-03-13 17:16:12.555 INFO org.springframework.boot.StartupInfoLogger.logStarting Starting OrderServerConsul using Java 1.8.0_221 on xiaoxin-air14 with PID 22196 (D:\workspace\cloud-service\cloud-order-consul\target\classes started by lenovo in D:\workspace\cloud-service) 
cloud-consul-order-server 2023-03-13 17:16:12.557 DEBUG org.springframework.boot.StartupInfoLogger.logStarting Running with Spring Boot v2.6.4, Spring v5.3.16 
cloud-consul-order-server 2023-03-13 17:16:12.558 INFO org.springframework.boot.SpringApplication.logStartupProfileInfo No active profile set, falling back to 1 default profile: "default" 
cloud-consul-order-server 2023-03-13 17:16:13.360 INFO org.springframework.cloud.context.scope.GenericScope.setSerializationId BeanFactory id=20b5e5f2-197b-366f-968a-8f1180a8fb18 
cloud-consul-order-server 2023-03-13 17:16:13.428 INFO org.springframework.context.support.PostProcessorRegistrationDelegate$BeanPostProcessorChecker.postProcessAfterInitialization Bean 'org.springframework.retry.annotation.RetryConfiguration' of type [org.springframework.retry.annotation.RetryConfiguration] is not eligible for getting processed by all BeanPostProcessors (for example: not eligible for auto-proxying) 
cloud-consul-order-server 2023-03-13 17:16:13.625 INFO org.springframework.boot.web.embedded.tomcat.TomcatWebServer.initialize Tomcat initialized with port(s): 9004 (http) 
cloud-consul-order-server 2023-03-13 17:16:13.632 INFO org.apache.juli.logging.DirectJDKLog.log Starting service [Tomcat] 
cloud-consul-order-server 2023-03-13 17:16:13.632 INFO org.apache.juli.logging.DirectJDKLog.log Starting Servlet engine: [Apache Tomcat/9.0.58] 
cloud-consul-order-server 2023-03-13 17:16:13.715 INFO org.apache.juli.logging.DirectJDKLog.log Initializing Spring embedded WebApplicationContext 
cloud-consul-order-server 2023-03-13 17:16:13.715 INFO org.springframework.boot.web.servlet.context.ServletWebServerApplicationContext.prepareWebApplicationContext Root WebApplicationContext: initialization completed in 1124 ms 
cloud-consul-order-server 2023-03-13 17:16:15.544 WARN org.springframework.cloud.loadbalancer.config.LoadBalancerCacheAutoConfiguration$LoadBalancerCaffeineWarnLogger.logWarning Spring Cloud LoadBalancer is currently working with the default cache. While this cache implementation is useful for development and tests, it's recommended to use Caffeine cache in production.You can switch to using Caffeine cache, by adding it and org.springframework.cache.caffeine.CaffeineCacheManager to the classpath. 
cloud-consul-order-server 2023-03-13 17:16:15.556 INFO org.springframework.boot.actuate.endpoint.web.EndpointLinksResolver.<init> Exposing 1 endpoint(s) beneath base path '/actuator' 
cloud-consul-order-server 2023-03-13 17:16:15.651 INFO org.springframework.boot.web.embedded.tomcat.TomcatWebServer.start Tomcat started on port(s): 9004 (http) with context path '' 
cloud-consul-order-server 2023-03-13 17:16:15.665 INFO org.springframework.cloud.consul.serviceregistry.ConsulServiceRegistry.register Registering service with consul: NewService{id='cloud-consul-order-server-9004', name='cloud-consul-order-server', tags=[], address='xiaoxin-air14', meta={secure=false}, port=9004, enableTagOverride=null, check=Check{script='null', dockerContainerID='null', shell='null', interval='10s', ttl='null', http='http://xiaoxin-air14:9004/actuator/health', method='null', header={}, tcp='null', timeout='null', deregisterCriticalServiceAfter='null', tlsSkipVerify=null, status='null', grpc='null', grpcUseTLS=null}, checks=null} 
cloud-consul-order-server 2023-03-13 17:16:16.008 INFO org.springframework.boot.StartupInfoLogger.logStarted Started OrderServerConsul in 4.302 seconds (JVM running for 5.183) 
cloud-consul-order-server 2023-03-13 17:16:16.844 INFO org.springframework.amqp.rabbit.connection.AbstractConnectionFactory.connectAddresses Attempting to connect to: [192.168.28.148:5672] 
cloud-consul-order-server 2023-03-13 17:16:16.847 INFO org.apache.juli.logging.DirectJDKLog.log Initializing Spring DispatcherServlet 'dispatcherServlet' 
cloud-consul-order-server 2023-03-13 17:16:16.847 INFO org.springframework.web.servlet.FrameworkServlet.initServletBean Initializing Servlet 'dispatcherServlet' 
cloud-consul-order-server 2023-03-13 17:16:16.850 INFO org.springframework.web.servlet.FrameworkServlet.initServletBean Completed initialization in 3 ms 
cloud-consul-order-server 2023-03-13 17:16:16.881 INFO org.springframework.amqp.rabbit.connection.AbstractConnectionFactory.createBareConnection Created new connection: rabbitConnectionFactory#44065156:0/SimpleConnection@6c8d64fc [delegate=amqp://guest@192.168.28.148:5672/, localPort= 57236] 
cloud-consul-order-server 2023-03-13 17:16:24.649 INFO org.springframework.cloud.consul.serviceregistry.ConsulServiceRegistry.deregister Deregistering service with consul: cloud-consul-order-server-9004 
cloud-consul-order-server 2023-03-13 17:16:28.164 INFO org.springframework.boot.StartupInfoLogger.logStarting Starting OrderServerConsul using Java 1.8.0_221 on xiaoxin-air14 with PID 22000 (D:\workspace\cloud-service\cloud-order-consul\target\classes started by lenovo in D:\workspace\cloud-service) 
cloud-consul-order-server 2023-03-13 17:16:28.166 DEBUG org.springframework.boot.StartupInfoLogger.logStarting Running with Spring Boot v2.6.4, Spring v5.3.16 
cloud-consul-order-server 2023-03-13 17:16:28.167 INFO org.springframework.boot.SpringApplication.logStartupProfileInfo No active profile set, falling back to 1 default profile: "default" 
cloud-consul-order-server 2023-03-13 17:16:28.981 INFO org.springframework.cloud.context.scope.GenericScope.setSerializationId BeanFactory id=20b5e5f2-197b-366f-968a-8f1180a8fb18 
cloud-consul-order-server 2023-03-13 17:16:29.046 INFO org.springframework.context.support.PostProcessorRegistrationDelegate$BeanPostProcessorChecker.postProcessAfterInitialization Bean 'org.springframework.retry.annotation.RetryConfiguration' of type [org.springframework.retry.annotation.RetryConfiguration] is not eligible for getting processed by all BeanPostProcessors (for example: not eligible for auto-proxying) 
cloud-consul-order-server 2023-03-13 17:16:29.246 INFO org.springframework.boot.web.embedded.tomcat.TomcatWebServer.initialize Tomcat initialized with port(s): 9004 (http) 
cloud-consul-order-server 2023-03-13 17:16:29.254 INFO org.apache.juli.logging.DirectJDKLog.log Starting service [Tomcat] 
cloud-consul-order-server 2023-03-13 17:16:29.254 INFO org.apache.juli.logging.DirectJDKLog.log Starting Servlet engine: [Apache Tomcat/9.0.58] 
cloud-consul-order-server 2023-03-13 17:16:29.352 INFO org.apache.juli.logging.DirectJDKLog.log Initializing Spring embedded WebApplicationContext 
cloud-consul-order-server 2023-03-13 17:16:29.353 INFO org.springframework.boot.web.servlet.context.ServletWebServerApplicationContext.prepareWebApplicationContext Root WebApplicationContext: initialization completed in 1157 ms 
cloud-consul-order-server 2023-03-13 17:16:31.244 WARN org.springframework.cloud.loadbalancer.config.LoadBalancerCacheAutoConfiguration$LoadBalancerCaffeineWarnLogger.logWarning Spring Cloud LoadBalancer is currently working with the default cache. While this cache implementation is useful for development and tests, it's recommended to use Caffeine cache in production.You can switch to using Caffeine cache, by adding it and org.springframework.cache.caffeine.CaffeineCacheManager to the classpath. 
cloud-consul-order-server 2023-03-13 17:16:31.256 INFO org.springframework.boot.actuate.endpoint.web.EndpointLinksResolver.<init> Exposing 1 endpoint(s) beneath base path '/actuator' 
cloud-consul-order-server 2023-03-13 17:16:31.362 INFO org.springframework.boot.web.embedded.tomcat.TomcatWebServer.start Tomcat started on port(s): 9004 (http) with context path '' 
cloud-consul-order-server 2023-03-13 17:16:31.376 INFO org.springframework.cloud.consul.serviceregistry.ConsulServiceRegistry.register Registering service with consul: NewService{id='cloud-consul-order-server-9004', name='cloud-consul-order-server', tags=[], address='xiaoxin-air14', meta={secure=false}, port=9004, enableTagOverride=null, check=Check{script='null', dockerContainerID='null', shell='null', interval='10s', ttl='null', http='http://xiaoxin-air14:9004/actuator/health', method='null', header={}, tcp='null', timeout='null', deregisterCriticalServiceAfter='null', tlsSkipVerify=null, status='null', grpc='null', grpcUseTLS=null}, checks=null} 
cloud-consul-order-server 2023-03-13 17:16:31.737 INFO org.springframework.boot.StartupInfoLogger.logStarted Started OrderServerConsul in 4.45 seconds (JVM running for 5.267) 
cloud-consul-order-server 2023-03-13 17:16:32.407 INFO org.springframework.amqp.rabbit.connection.AbstractConnectionFactory.connectAddresses Attempting to connect to: [192.168.28.148:5672] 
cloud-consul-order-server 2023-03-13 17:16:32.410 INFO org.apache.juli.logging.DirectJDKLog.log Initializing Spring DispatcherServlet 'dispatcherServlet' 
cloud-consul-order-server 2023-03-13 17:16:32.410 INFO org.springframework.web.servlet.FrameworkServlet.initServletBean Initializing Servlet 'dispatcherServlet' 
cloud-consul-order-server 2023-03-13 17:16:32.412 INFO org.springframework.web.servlet.FrameworkServlet.initServletBean Completed initialization in 2 ms 
cloud-consul-order-server 2023-03-13 17:16:32.444 INFO org.springframework.amqp.rabbit.connection.AbstractConnectionFactory.createBareConnection Created new connection: rabbitConnectionFactory#32177fa5:0/SimpleConnection@7e791ad2 [delegate=amqp://guest@192.168.28.148:5672/, localPort= 57284] 
cloud-consul-order-server 2023-03-13 17:17:51.698 INFO org.springframework.cloud.consul.serviceregistry.ConsulServiceRegistry.deregister Deregistering service with consul: cloud-consul-order-server-9004 
cloud-consul-order-server 2023-03-13 17:17:54.897 INFO org.springframework.boot.StartupInfoLogger.logStarting Starting OrderServerConsul using Java 1.8.0_221 on xiaoxin-air14 with PID 17044 (D:\workspace\cloud-service\cloud-order-consul\target\classes started by lenovo in D:\workspace\cloud-service) 
cloud-consul-order-server 2023-03-13 17:17:54.899 DEBUG org.springframework.boot.StartupInfoLogger.logStarting Running with Spring Boot v2.6.4, Spring v5.3.16 
cloud-consul-order-server 2023-03-13 17:17:54.900 INFO org.springframework.boot.SpringApplication.logStartupProfileInfo No active profile set, falling back to 1 default profile: "default" 
cloud-consul-order-server 2023-03-13 17:17:55.775 INFO org.springframework.cloud.context.scope.GenericScope.setSerializationId BeanFactory id=20b5e5f2-197b-366f-968a-8f1180a8fb18 
cloud-consul-order-server 2023-03-13 17:17:55.835 INFO org.springframework.context.support.PostProcessorRegistrationDelegate$BeanPostProcessorChecker.postProcessAfterInitialization Bean 'org.springframework.retry.annotation.RetryConfiguration' of type [org.springframework.retry.annotation.RetryConfiguration] is not eligible for getting processed by all BeanPostProcessors (for example: not eligible for auto-proxying) 
cloud-consul-order-server 2023-03-13 17:17:56.018 INFO org.springframework.boot.web.embedded.tomcat.TomcatWebServer.initialize Tomcat initialized with port(s): 9004 (http) 
cloud-consul-order-server 2023-03-13 17:17:56.025 INFO org.apache.juli.logging.DirectJDKLog.log Starting service [Tomcat] 
cloud-consul-order-server 2023-03-13 17:17:56.026 INFO org.apache.juli.logging.DirectJDKLog.log Starting Servlet engine: [Apache Tomcat/9.0.58] 
cloud-consul-order-server 2023-03-13 17:17:56.109 INFO org.apache.juli.logging.DirectJDKLog.log Initializing Spring embedded WebApplicationContext 
cloud-consul-order-server 2023-03-13 17:17:56.110 INFO org.springframework.boot.web.servlet.context.ServletWebServerApplicationContext.prepareWebApplicationContext Root WebApplicationContext: initialization completed in 1174 ms 
cloud-consul-order-server 2023-03-13 17:17:57.939 WARN org.springframework.cloud.loadbalancer.config.LoadBalancerCacheAutoConfiguration$LoadBalancerCaffeineWarnLogger.logWarning Spring Cloud LoadBalancer is currently working with the default cache. While this cache implementation is useful for development and tests, it's recommended to use Caffeine cache in production.You can switch to using Caffeine cache, by adding it and org.springframework.cache.caffeine.CaffeineCacheManager to the classpath. 
cloud-consul-order-server 2023-03-13 17:17:57.953 INFO org.springframework.boot.actuate.endpoint.web.EndpointLinksResolver.<init> Exposing 1 endpoint(s) beneath base path '/actuator' 
cloud-consul-order-server 2023-03-13 17:17:58.044 INFO org.springframework.boot.web.embedded.tomcat.TomcatWebServer.start Tomcat started on port(s): 9004 (http) with context path '' 
cloud-consul-order-server 2023-03-13 17:17:58.056 INFO org.springframework.cloud.consul.serviceregistry.ConsulServiceRegistry.register Registering service with consul: NewService{id='cloud-consul-order-server-9004', name='cloud-consul-order-server', tags=[], address='xiaoxin-air14', meta={secure=false}, port=9004, enableTagOverride=null, check=Check{script='null', dockerContainerID='null', shell='null', interval='10s', ttl='null', http='http://xiaoxin-air14:9004/actuator/health', method='null', header={}, tcp='null', timeout='null', deregisterCriticalServiceAfter='null', tlsSkipVerify=null, status='null', grpc='null', grpcUseTLS=null}, checks=null} 
cloud-consul-order-server 2023-03-13 17:17:58.391 INFO org.springframework.boot.StartupInfoLogger.logStarted Started OrderServerConsul in 4.255 seconds (JVM running for 5.041) 
cloud-consul-order-server 2023-03-13 17:17:59.216 INFO org.springframework.amqp.rabbit.connection.AbstractConnectionFactory.connectAddresses Attempting to connect to: [192.168.28.148:5672] 
cloud-consul-order-server 2023-03-13 17:17:59.218 INFO org.apache.juli.logging.DirectJDKLog.log Initializing Spring DispatcherServlet 'dispatcherServlet' 
cloud-consul-order-server 2023-03-13 17:17:59.218 INFO org.springframework.web.servlet.FrameworkServlet.initServletBean Initializing Servlet 'dispatcherServlet' 
cloud-consul-order-server 2023-03-13 17:17:59.221 INFO org.springframework.web.servlet.FrameworkServlet.initServletBean Completed initialization in 3 ms 
cloud-consul-order-server 2023-03-13 17:17:59.243 INFO org.springframework.amqp.rabbit.connection.AbstractConnectionFactory.createBareConnection Created new connection: rabbitConnectionFactory#1fdca564:0/SimpleConnection@7facce32 [delegate=amqp://guest@192.168.28.148:5672/, localPort= 57455] 
cloud-consul-order-server 2023-03-13 17:19:34.489 INFO org.springframework.cloud.consul.serviceregistry.ConsulServiceRegistry.deregister Deregistering service with consul: cloud-consul-order-server-9004 
cloud-consul-order-server 2023-03-13 17:19:38.167 INFO org.springframework.boot.StartupInfoLogger.logStarting Starting OrderServerConsul using Java 1.8.0_221 on xiaoxin-air14 with PID 20632 (D:\workspace\cloud-service\cloud-order-consul\target\classes started by lenovo in D:\workspace\cloud-service) 
cloud-consul-order-server 2023-03-13 17:19:38.169 DEBUG org.springframework.boot.StartupInfoLogger.logStarting Running with Spring Boot v2.6.4, Spring v5.3.16 
cloud-consul-order-server 2023-03-13 17:19:38.170 INFO org.springframework.boot.SpringApplication.logStartupProfileInfo No active profile set, falling back to 1 default profile: "default" 
cloud-consul-order-server 2023-03-13 17:19:38.973 INFO org.springframework.cloud.context.scope.GenericScope.setSerializationId BeanFactory id=20b5e5f2-197b-366f-968a-8f1180a8fb18 
cloud-consul-order-server 2023-03-13 17:19:39.035 INFO org.springframework.context.support.PostProcessorRegistrationDelegate$BeanPostProcessorChecker.postProcessAfterInitialization Bean 'org.springframework.retry.annotation.RetryConfiguration' of type [org.springframework.retry.annotation.RetryConfiguration] is not eligible for getting processed by all BeanPostProcessors (for example: not eligible for auto-proxying) 
cloud-consul-order-server 2023-03-13 17:19:39.225 INFO org.springframework.boot.web.embedded.tomcat.TomcatWebServer.initialize Tomcat initialized with port(s): 9004 (http) 
cloud-consul-order-server 2023-03-13 17:19:39.234 INFO org.apache.juli.logging.DirectJDKLog.log Starting service [Tomcat] 
cloud-consul-order-server 2023-03-13 17:19:39.234 INFO org.apache.juli.logging.DirectJDKLog.log Starting Servlet engine: [Apache Tomcat/9.0.58] 
cloud-consul-order-server 2023-03-13 17:19:39.328 INFO org.apache.juli.logging.DirectJDKLog.log Initializing Spring embedded WebApplicationContext 
cloud-consul-order-server 2023-03-13 17:19:39.328 INFO org.springframework.boot.web.servlet.context.ServletWebServerApplicationContext.prepareWebApplicationContext Root WebApplicationContext: initialization completed in 1127 ms 
cloud-consul-order-server 2023-03-13 17:19:41.389 WARN org.springframework.cloud.loadbalancer.config.LoadBalancerCacheAutoConfiguration$LoadBalancerCaffeineWarnLogger.logWarning Spring Cloud LoadBalancer is currently working with the default cache. While this cache implementation is useful for development and tests, it's recommended to use Caffeine cache in production.You can switch to using Caffeine cache, by adding it and org.springframework.cache.caffeine.CaffeineCacheManager to the classpath. 
cloud-consul-order-server 2023-03-13 17:19:41.405 INFO org.springframework.boot.actuate.endpoint.web.EndpointLinksResolver.<init> Exposing 1 endpoint(s) beneath base path '/actuator' 
cloud-consul-order-server 2023-03-13 17:19:41.497 INFO org.springframework.boot.web.embedded.tomcat.TomcatWebServer.start Tomcat started on port(s): 9004 (http) with context path '' 
cloud-consul-order-server 2023-03-13 17:19:41.511 INFO org.springframework.cloud.consul.serviceregistry.ConsulServiceRegistry.register Registering service with consul: NewService{id='cloud-consul-order-server-9004', name='cloud-consul-order-server', tags=[], address='xiaoxin-air14', meta={secure=false}, port=9004, enableTagOverride=null, check=Check{script='null', dockerContainerID='null', shell='null', interval='10s', ttl='null', http='http://xiaoxin-air14:9004/actuator/health', method='null', header={}, tcp='null', timeout='null', deregisterCriticalServiceAfter='null', tlsSkipVerify=null, status='null', grpc='null', grpcUseTLS=null}, checks=null} 
cloud-consul-order-server 2023-03-13 17:19:41.840 INFO org.springframework.boot.StartupInfoLogger.logStarted Started OrderServerConsul in 4.434 seconds (JVM running for 5.258) 
cloud-consul-order-server 2023-03-13 17:19:42.127 INFO org.springframework.amqp.rabbit.connection.AbstractConnectionFactory.connectAddresses Attempting to connect to: [192.168.28.148:5672] 
cloud-consul-order-server 2023-03-13 17:19:42.130 INFO org.apache.juli.logging.DirectJDKLog.log Initializing Spring DispatcherServlet 'dispatcherServlet' 
cloud-consul-order-server 2023-03-13 17:19:42.131 INFO org.springframework.web.servlet.FrameworkServlet.initServletBean Initializing Servlet 'dispatcherServlet' 
cloud-consul-order-server 2023-03-13 17:19:42.134 INFO org.springframework.web.servlet.FrameworkServlet.initServletBean Completed initialization in 3 ms 
cloud-consul-order-server 2023-03-13 17:19:42.162 INFO org.springframework.amqp.rabbit.connection.AbstractConnectionFactory.createBareConnection Created new connection: rabbitConnectionFactory#a96d56c:0/SimpleConnection@60a7bd37 [delegate=amqp://guest@192.168.28.148:5672/, localPort= 57602] 
cloud-consul-order-server 2023-03-13 17:19:59.451 INFO org.springframework.cloud.consul.serviceregistry.ConsulServiceRegistry.deregister Deregistering service with consul: cloud-consul-order-server-9004 
cloud-consul-order-server 2023-03-13 17:20:03.310 INFO org.springframework.boot.StartupInfoLogger.logStarting Starting OrderServerConsul using Java 1.8.0_221 on xiaoxin-air14 with PID 20968 (D:\workspace\cloud-service\cloud-order-consul\target\classes started by lenovo in D:\workspace\cloud-service) 
cloud-consul-order-server 2023-03-13 17:20:03.313 DEBUG org.springframework.boot.StartupInfoLogger.logStarting Running with Spring Boot v2.6.4, Spring v5.3.16 
cloud-consul-order-server 2023-03-13 17:20:03.313 INFO org.springframework.boot.SpringApplication.logStartupProfileInfo No active profile set, falling back to 1 default profile: "default" 
cloud-consul-order-server 2023-03-13 17:20:04.275 INFO org.springframework.cloud.context.scope.GenericScope.setSerializationId BeanFactory id=20b5e5f2-197b-366f-968a-8f1180a8fb18 
cloud-consul-order-server 2023-03-13 17:20:04.342 INFO org.springframework.context.support.PostProcessorRegistrationDelegate$BeanPostProcessorChecker.postProcessAfterInitialization Bean 'org.springframework.retry.annotation.RetryConfiguration' of type [org.springframework.retry.annotation.RetryConfiguration] is not eligible for getting processed by all BeanPostProcessors (for example: not eligible for auto-proxying) 
cloud-consul-order-server 2023-03-13 17:20:04.549 INFO org.springframework.boot.web.embedded.tomcat.TomcatWebServer.initialize Tomcat initialized with port(s): 9004 (http) 
cloud-consul-order-server 2023-03-13 17:20:04.556 INFO org.apache.juli.logging.DirectJDKLog.log Starting service [Tomcat] 
cloud-consul-order-server 2023-03-13 17:20:04.556 INFO org.apache.juli.logging.DirectJDKLog.log Starting Servlet engine: [Apache Tomcat/9.0.58] 
cloud-consul-order-server 2023-03-13 17:20:04.640 INFO org.apache.juli.logging.DirectJDKLog.log Initializing Spring embedded WebApplicationContext 
cloud-consul-order-server 2023-03-13 17:20:04.640 INFO org.springframework.boot.web.servlet.context.ServletWebServerApplicationContext.prepareWebApplicationContext Root WebApplicationContext: initialization completed in 1292 ms 
cloud-consul-order-server 2023-03-13 17:20:06.579 WARN org.springframework.cloud.loadbalancer.config.LoadBalancerCacheAutoConfiguration$LoadBalancerCaffeineWarnLogger.logWarning Spring Cloud LoadBalancer is currently working with the default cache. While this cache implementation is useful for development and tests, it's recommended to use Caffeine cache in production.You can switch to using Caffeine cache, by adding it and org.springframework.cache.caffeine.CaffeineCacheManager to the classpath. 
cloud-consul-order-server 2023-03-13 17:20:06.592 INFO org.springframework.boot.actuate.endpoint.web.EndpointLinksResolver.<init> Exposing 1 endpoint(s) beneath base path '/actuator' 
cloud-consul-order-server 2023-03-13 17:20:06.696 INFO org.springframework.boot.web.embedded.tomcat.TomcatWebServer.start Tomcat started on port(s): 9004 (http) with context path '' 
cloud-consul-order-server 2023-03-13 17:20:06.710 INFO org.springframework.cloud.consul.serviceregistry.ConsulServiceRegistry.register Registering service with consul: NewService{id='cloud-consul-order-server-9004', name='cloud-consul-order-server', tags=[], address='xiaoxin-air14', meta={secure=false}, port=9004, enableTagOverride=null, check=Check{script='null', dockerContainerID='null', shell='null', interval='10s', ttl='null', http='http://xiaoxin-air14:9004/actuator/health', method='null', header={}, tcp='null', timeout='null', deregisterCriticalServiceAfter='null', tlsSkipVerify=null, status='null', grpc='null', grpcUseTLS=null}, checks=null} 
cloud-consul-order-server 2023-03-13 17:20:07.099 INFO org.springframework.boot.StartupInfoLogger.logStarted Started OrderServerConsul in 4.652 seconds (JVM running for 5.613) 
cloud-consul-order-server 2023-03-13 17:20:07.710 INFO org.springframework.amqp.rabbit.connection.AbstractConnectionFactory.connectAddresses Attempting to connect to: [192.168.28.148:5672] 
cloud-consul-order-server 2023-03-13 17:20:07.712 INFO org.apache.juli.logging.DirectJDKLog.log Initializing Spring DispatcherServlet 'dispatcherServlet' 
cloud-consul-order-server 2023-03-13 17:20:07.712 INFO org.springframework.web.servlet.FrameworkServlet.initServletBean Initializing Servlet 'dispatcherServlet' 
cloud-consul-order-server 2023-03-13 17:20:07.715 INFO org.springframework.web.servlet.FrameworkServlet.initServletBean Completed initialization in 3 ms 
cloud-consul-order-server 2023-03-13 17:20:07.753 INFO org.springframework.amqp.rabbit.connection.AbstractConnectionFactory.createBareConnection Created new connection: rabbitConnectionFactory#32177fa5:0/SimpleConnection@91d93e1 [delegate=amqp://guest@192.168.28.148:5672/, localPort= 57651] 
cloud-consul-order-server 2023-03-13 17:21:37.686 INFO org.springframework.cloud.consul.serviceregistry.ConsulServiceRegistry.deregister Deregistering service with consul: cloud-consul-order-server-9004 
cloud-consul-order-server 2023-03-13 17:21:41.412 INFO org.springframework.boot.StartupInfoLogger.logStarting Starting OrderServerConsul using Java 1.8.0_221 on xiaoxin-air14 with PID 21848 (D:\workspace\cloud-service\cloud-order-consul\target\classes started by lenovo in D:\workspace\cloud-service) 
cloud-consul-order-server 2023-03-13 17:21:41.414 DEBUG org.springframework.boot.StartupInfoLogger.logStarting Running with Spring Boot v2.6.4, Spring v5.3.16 
cloud-consul-order-server 2023-03-13 17:21:41.415 INFO org.springframework.boot.SpringApplication.logStartupProfileInfo No active profile set, falling back to 1 default profile: "default" 
cloud-consul-order-server 2023-03-13 17:21:42.197 INFO org.springframework.cloud.context.scope.GenericScope.setSerializationId BeanFactory id=20b5e5f2-197b-366f-968a-8f1180a8fb18 
cloud-consul-order-server 2023-03-13 17:21:42.271 INFO org.springframework.context.support.PostProcessorRegistrationDelegate$BeanPostProcessorChecker.postProcessAfterInitialization Bean 'org.springframework.retry.annotation.RetryConfiguration' of type [org.springframework.retry.annotation.RetryConfiguration] is not eligible for getting processed by all BeanPostProcessors (for example: not eligible for auto-proxying) 
cloud-consul-order-server 2023-03-13 17:21:42.459 INFO org.springframework.boot.web.embedded.tomcat.TomcatWebServer.initialize Tomcat initialized with port(s): 9004 (http) 
cloud-consul-order-server 2023-03-13 17:21:42.467 INFO org.apache.juli.logging.DirectJDKLog.log Starting service [Tomcat] 
cloud-consul-order-server 2023-03-13 17:21:42.467 INFO org.apache.juli.logging.DirectJDKLog.log Starting Servlet engine: [Apache Tomcat/9.0.58] 
cloud-consul-order-server 2023-03-13 17:21:42.559 INFO org.apache.juli.logging.DirectJDKLog.log Initializing Spring embedded WebApplicationContext 
cloud-consul-order-server 2023-03-13 17:21:42.560 INFO org.springframework.boot.web.servlet.context.ServletWebServerApplicationContext.prepareWebApplicationContext Root WebApplicationContext: initialization completed in 1115 ms 
cloud-consul-order-server 2023-03-13 17:21:44.297 WARN org.springframework.cloud.loadbalancer.config.LoadBalancerCacheAutoConfiguration$LoadBalancerCaffeineWarnLogger.logWarning Spring Cloud LoadBalancer is currently working with the default cache. While this cache implementation is useful for development and tests, it's recommended to use Caffeine cache in production.You can switch to using Caffeine cache, by adding it and org.springframework.cache.caffeine.CaffeineCacheManager to the classpath. 
cloud-consul-order-server 2023-03-13 17:21:44.309 INFO org.springframework.boot.actuate.endpoint.web.EndpointLinksResolver.<init> Exposing 1 endpoint(s) beneath base path '/actuator' 
cloud-consul-order-server 2023-03-13 17:21:44.396 INFO org.springframework.boot.web.embedded.tomcat.TomcatWebServer.start Tomcat started on port(s): 9004 (http) with context path '' 
cloud-consul-order-server 2023-03-13 17:21:44.409 INFO org.springframework.cloud.consul.serviceregistry.ConsulServiceRegistry.register Registering service with consul: NewService{id='cloud-consul-order-server-9004', name='cloud-consul-order-server', tags=[], address='xiaoxin-air14', meta={secure=false}, port=9004, enableTagOverride=null, check=Check{script='null', dockerContainerID='null', shell='null', interval='10s', ttl='null', http='http://xiaoxin-air14:9004/actuator/health', method='null', header={}, tcp='null', timeout='null', deregisterCriticalServiceAfter='null', tlsSkipVerify=null, status='null', grpc='null', grpcUseTLS=null}, checks=null} 
cloud-consul-order-server 2023-03-13 17:21:44.724 INFO org.springframework.boot.StartupInfoLogger.logStarted Started OrderServerConsul in 3.985 seconds (JVM running for 4.818) 
cloud-consul-order-server 2023-03-13 17:21:45.228 INFO org.springframework.amqp.rabbit.connection.AbstractConnectionFactory.connectAddresses Attempting to connect to: [192.168.28.148:5672] 
cloud-consul-order-server 2023-03-13 17:21:45.230 INFO org.apache.juli.logging.DirectJDKLog.log Initializing Spring DispatcherServlet 'dispatcherServlet' 
cloud-consul-order-server 2023-03-13 17:21:45.231 INFO org.springframework.web.servlet.FrameworkServlet.initServletBean Initializing Servlet 'dispatcherServlet' 
cloud-consul-order-server 2023-03-13 17:21:45.233 INFO org.springframework.web.servlet.FrameworkServlet.initServletBean Completed initialization in 2 ms 
cloud-consul-order-server 2023-03-13 17:21:45.256 INFO org.springframework.amqp.rabbit.connection.AbstractConnectionFactory.createBareConnection Created new connection: rabbitConnectionFactory#a96d56c:0/SimpleConnection@7aff1525 [delegate=amqp://guest@192.168.28.148:5672/, localPort= 57785] 
cloud-consul-order-server 2023-03-13 17:23:37.715 INFO org.springframework.cloud.consul.serviceregistry.ConsulServiceRegistry.deregister Deregistering service with consul: cloud-consul-order-server-9004 
cloud-consul-order-server 2023-03-13 17:23:41.458 INFO org.springframework.boot.StartupInfoLogger.logStarting Starting OrderServerConsul using Java 1.8.0_221 on xiaoxin-air14 with PID 21440 (D:\workspace\cloud-service\cloud-order-consul\target\classes started by lenovo in D:\workspace\cloud-service) 
cloud-consul-order-server 2023-03-13 17:23:41.460 DEBUG org.springframework.boot.StartupInfoLogger.logStarting Running with Spring Boot v2.6.4, Spring v5.3.16 
cloud-consul-order-server 2023-03-13 17:23:41.461 INFO org.springframework.boot.SpringApplication.logStartupProfileInfo No active profile set, falling back to 1 default profile: "default" 
cloud-consul-order-server 2023-03-13 17:23:42.320 INFO org.springframework.cloud.context.scope.GenericScope.setSerializationId BeanFactory id=20b5e5f2-197b-366f-968a-8f1180a8fb18 
cloud-consul-order-server 2023-03-13 17:23:42.387 INFO org.springframework.context.support.PostProcessorRegistrationDelegate$BeanPostProcessorChecker.postProcessAfterInitialization Bean 'org.springframework.retry.annotation.RetryConfiguration' of type [org.springframework.retry.annotation.RetryConfiguration] is not eligible for getting processed by all BeanPostProcessors (for example: not eligible for auto-proxying) 
cloud-consul-order-server 2023-03-13 17:23:42.592 INFO org.springframework.boot.web.embedded.tomcat.TomcatWebServer.initialize Tomcat initialized with port(s): 9004 (http) 
cloud-consul-order-server 2023-03-13 17:23:42.599 INFO org.apache.juli.logging.DirectJDKLog.log Starting service [Tomcat] 
cloud-consul-order-server 2023-03-13 17:23:42.600 INFO org.apache.juli.logging.DirectJDKLog.log Starting Servlet engine: [Apache Tomcat/9.0.58] 
cloud-consul-order-server 2023-03-13 17:23:42.695 INFO org.apache.juli.logging.DirectJDKLog.log Initializing Spring embedded WebApplicationContext 
cloud-consul-order-server 2023-03-13 17:23:42.695 INFO org.springframework.boot.web.servlet.context.ServletWebServerApplicationContext.prepareWebApplicationContext Root WebApplicationContext: initialization completed in 1195 ms 
cloud-consul-order-server 2023-03-13 17:23:44.503 WARN org.springframework.cloud.loadbalancer.config.LoadBalancerCacheAutoConfiguration$LoadBalancerCaffeineWarnLogger.logWarning Spring Cloud LoadBalancer is currently working with the default cache. While this cache implementation is useful for development and tests, it's recommended to use Caffeine cache in production.You can switch to using Caffeine cache, by adding it and org.springframework.cache.caffeine.CaffeineCacheManager to the classpath. 
cloud-consul-order-server 2023-03-13 17:23:44.516 INFO org.springframework.boot.actuate.endpoint.web.EndpointLinksResolver.<init> Exposing 1 endpoint(s) beneath base path '/actuator' 
cloud-consul-order-server 2023-03-13 17:23:44.609 INFO org.springframework.boot.web.embedded.tomcat.TomcatWebServer.start Tomcat started on port(s): 9004 (http) with context path '' 
cloud-consul-order-server 2023-03-13 17:23:44.621 INFO org.springframework.cloud.consul.serviceregistry.ConsulServiceRegistry.register Registering service with consul: NewService{id='cloud-consul-order-server-9004', name='cloud-consul-order-server', tags=[], address='xiaoxin-air14', meta={secure=false}, port=9004, enableTagOverride=null, check=Check{script='null', dockerContainerID='null', shell='null', interval='10s', ttl='null', http='http://xiaoxin-air14:9004/actuator/health', method='null', header={}, tcp='null', timeout='null', deregisterCriticalServiceAfter='null', tlsSkipVerify=null, status='null', grpc='null', grpcUseTLS=null}, checks=null} 
cloud-consul-order-server 2023-03-13 17:23:44.964 INFO org.springframework.boot.StartupInfoLogger.logStarted Started OrderServerConsul in 4.237 seconds (JVM running for 5.106) 
cloud-consul-order-server 2023-03-13 17:23:45.703 INFO org.springframework.amqp.rabbit.connection.AbstractConnectionFactory.connectAddresses Attempting to connect to: [192.168.28.148:5672] 
cloud-consul-order-server 2023-03-13 17:23:45.704 INFO org.apache.juli.logging.DirectJDKLog.log Initializing Spring DispatcherServlet 'dispatcherServlet' 
cloud-consul-order-server 2023-03-13 17:23:45.705 INFO org.springframework.web.servlet.FrameworkServlet.initServletBean Initializing Servlet 'dispatcherServlet' 
cloud-consul-order-server 2023-03-13 17:23:45.706 INFO org.springframework.web.servlet.FrameworkServlet.initServletBean Completed initialization in 1 ms 
cloud-consul-order-server 2023-03-13 17:23:45.730 INFO org.springframework.amqp.rabbit.connection.AbstractConnectionFactory.createBareConnection Created new connection: rabbitConnectionFactory#32177fa5:0/SimpleConnection@5d0eec19 [delegate=amqp://guest@192.168.28.148:5672/, localPort= 57934] 
cloud-consul-order-server 2023-03-13 17:26:16.546 INFO org.springframework.cloud.consul.serviceregistry.ConsulServiceRegistry.deregister Deregistering service with consul: cloud-consul-order-server-9004 
cloud-consul-order-server 2023-03-13 17:27:05.798 INFO org.springframework.boot.StartupInfoLogger.logStarting Starting OrderServerConsul using Java 1.8.0_221 on xiaoxin-air14 with PID 15964 (D:\workspace\cloud-service\cloud-order-consul\target\classes started by lenovo in D:\workspace\cloud-service) 
cloud-consul-order-server 2023-03-13 17:27:05.801 DEBUG org.springframework.boot.StartupInfoLogger.logStarting Running with Spring Boot v2.6.4, Spring v5.3.16 
cloud-consul-order-server 2023-03-13 17:27:05.801 INFO org.springframework.boot.SpringApplication.logStartupProfileInfo No active profile set, falling back to 1 default profile: "default" 
cloud-consul-order-server 2023-03-13 17:27:06.832 INFO org.springframework.cloud.context.scope.GenericScope.setSerializationId BeanFactory id=20b5e5f2-197b-366f-968a-8f1180a8fb18 
cloud-consul-order-server 2023-03-13 17:27:06.892 INFO org.springframework.context.support.PostProcessorRegistrationDelegate$BeanPostProcessorChecker.postProcessAfterInitialization Bean 'org.springframework.retry.annotation.RetryConfiguration' of type [org.springframework.retry.annotation.RetryConfiguration] is not eligible for getting processed by all BeanPostProcessors (for example: not eligible for auto-proxying) 
cloud-consul-order-server 2023-03-13 17:27:07.073 INFO org.springframework.boot.web.embedded.tomcat.TomcatWebServer.initialize Tomcat initialized with port(s): 9004 (http) 
cloud-consul-order-server 2023-03-13 17:27:07.085 INFO org.apache.juli.logging.DirectJDKLog.log Starting service [Tomcat] 
cloud-consul-order-server 2023-03-13 17:27:07.085 INFO org.apache.juli.logging.DirectJDKLog.log Starting Servlet engine: [Apache Tomcat/9.0.58] 
cloud-consul-order-server 2023-03-13 17:27:07.209 INFO org.apache.juli.logging.DirectJDKLog.log Initializing Spring embedded WebApplicationContext 
cloud-consul-order-server 2023-03-13 17:27:07.210 INFO org.springframework.boot.web.servlet.context.ServletWebServerApplicationContext.prepareWebApplicationContext Root WebApplicationContext: initialization completed in 1378 ms 
cloud-consul-order-server 2023-03-13 17:27:09.062 WARN org.springframework.cloud.loadbalancer.config.LoadBalancerCacheAutoConfiguration$LoadBalancerCaffeineWarnLogger.logWarning Spring Cloud LoadBalancer is currently working with the default cache. While this cache implementation is useful for development and tests, it's recommended to use Caffeine cache in production.You can switch to using Caffeine cache, by adding it and org.springframework.cache.caffeine.CaffeineCacheManager to the classpath. 
cloud-consul-order-server 2023-03-13 17:27:09.075 INFO org.springframework.boot.actuate.endpoint.web.EndpointLinksResolver.<init> Exposing 1 endpoint(s) beneath base path '/actuator' 
cloud-consul-order-server 2023-03-13 17:27:09.175 INFO org.springframework.boot.web.embedded.tomcat.TomcatWebServer.start Tomcat started on port(s): 9004 (http) with context path '' 
cloud-consul-order-server 2023-03-13 17:27:09.187 INFO org.springframework.cloud.consul.serviceregistry.ConsulServiceRegistry.register Registering service with consul: NewService{id='cloud-consul-order-server-9004', name='cloud-consul-order-server', tags=[], address='xiaoxin-air14', meta={secure=false}, port=9004, enableTagOverride=null, check=Check{script='null', dockerContainerID='null', shell='null', interval='10s', ttl='null', http='http://xiaoxin-air14:9004/actuator/health', method='null', header={}, tcp='null', timeout='null', deregisterCriticalServiceAfter='null', tlsSkipVerify=null, status='null', grpc='null', grpcUseTLS=null}, checks=null} 
cloud-consul-order-server 2023-03-13 17:27:09.535 INFO org.springframework.boot.StartupInfoLogger.logStarted Started OrderServerConsul in 4.538 seconds (JVM running for 5.462) 
cloud-consul-order-server 2023-03-13 17:27:10.250 INFO org.springframework.amqp.rabbit.connection.AbstractConnectionFactory.connectAddresses Attempting to connect to: [192.168.28.148:5672] 
cloud-consul-order-server 2023-03-13 17:27:10.253 INFO org.apache.juli.logging.DirectJDKLog.log Initializing Spring DispatcherServlet 'dispatcherServlet' 
cloud-consul-order-server 2023-03-13 17:27:10.253 INFO org.springframework.web.servlet.FrameworkServlet.initServletBean Initializing Servlet 'dispatcherServlet' 
cloud-consul-order-server 2023-03-13 17:27:10.255 INFO org.springframework.web.servlet.FrameworkServlet.initServletBean Completed initialization in 1 ms 
cloud-consul-order-server 2023-03-13 17:27:10.279 INFO org.springframework.amqp.rabbit.connection.AbstractConnectionFactory.createBareConnection Created new connection: rabbitConnectionFactory#32177fa5:0/SimpleConnection@3667cbc4 [delegate=amqp://guest@192.168.28.148:5672/, localPort= 58369] 
cloud-consul-order-server 2023-03-13 17:29:37.355 INFO org.springframework.cloud.consul.serviceregistry.ConsulServiceRegistry.deregister Deregistering service with consul: cloud-consul-order-server-9004 
cloud-consul-order-server 2023-03-13 17:29:41.658 INFO org.springframework.boot.StartupInfoLogger.logStarting Starting OrderServerConsul using Java 1.8.0_221 on xiaoxin-air14 with PID 21912 (D:\workspace\cloud-service\cloud-order-consul\target\classes started by lenovo in D:\workspace\cloud-service) 
cloud-consul-order-server 2023-03-13 17:29:41.660 DEBUG org.springframework.boot.StartupInfoLogger.logStarting Running with Spring Boot v2.6.4, Spring v5.3.16 
cloud-consul-order-server 2023-03-13 17:29:41.661 INFO org.springframework.boot.SpringApplication.logStartupProfileInfo No active profile set, falling back to 1 default profile: "default" 
cloud-consul-order-server 2023-03-13 17:29:42.576 INFO org.springframework.cloud.context.scope.GenericScope.setSerializationId BeanFactory id=20b5e5f2-197b-366f-968a-8f1180a8fb18 
cloud-consul-order-server 2023-03-13 17:29:42.652 INFO org.springframework.context.support.PostProcessorRegistrationDelegate$BeanPostProcessorChecker.postProcessAfterInitialization Bean 'org.springframework.retry.annotation.RetryConfiguration' of type [org.springframework.retry.annotation.RetryConfiguration] is not eligible for getting processed by all BeanPostProcessors (for example: not eligible for auto-proxying) 
cloud-consul-order-server 2023-03-13 17:29:42.855 INFO org.springframework.boot.web.embedded.tomcat.TomcatWebServer.initialize Tomcat initialized with port(s): 9004 (http) 
cloud-consul-order-server 2023-03-13 17:29:42.863 INFO org.apache.juli.logging.DirectJDKLog.log Starting service [Tomcat] 
cloud-consul-order-server 2023-03-13 17:29:42.863 INFO org.apache.juli.logging.DirectJDKLog.log Starting Servlet engine: [Apache Tomcat/9.0.58] 
cloud-consul-order-server 2023-03-13 17:29:42.956 INFO org.apache.juli.logging.DirectJDKLog.log Initializing Spring embedded WebApplicationContext 
cloud-consul-order-server 2023-03-13 17:29:42.956 INFO org.springframework.boot.web.servlet.context.ServletWebServerApplicationContext.prepareWebApplicationContext Root WebApplicationContext: initialization completed in 1264 ms 
cloud-consul-order-server 2023-03-13 17:29:44.949 WARN org.springframework.cloud.loadbalancer.config.LoadBalancerCacheAutoConfiguration$LoadBalancerCaffeineWarnLogger.logWarning Spring Cloud LoadBalancer is currently working with the default cache. While this cache implementation is useful for development and tests, it's recommended to use Caffeine cache in production.You can switch to using Caffeine cache, by adding it and org.springframework.cache.caffeine.CaffeineCacheManager to the classpath. 
cloud-consul-order-server 2023-03-13 17:29:44.963 INFO org.springframework.boot.actuate.endpoint.web.EndpointLinksResolver.<init> Exposing 1 endpoint(s) beneath base path '/actuator' 
cloud-consul-order-server 2023-03-13 17:29:45.066 INFO org.springframework.boot.web.embedded.tomcat.TomcatWebServer.start Tomcat started on port(s): 9004 (http) with context path '' 
cloud-consul-order-server 2023-03-13 17:29:45.084 INFO org.springframework.cloud.consul.serviceregistry.ConsulServiceRegistry.register Registering service with consul: NewService{id='cloud-consul-order-server-9004', name='cloud-consul-order-server', tags=[], address='xiaoxin-air14', meta={secure=false}, port=9004, enableTagOverride=null, check=Check{script='null', dockerContainerID='null', shell='null', interval='10s', ttl='null', http='http://xiaoxin-air14:9004/actuator/health', method='null', header={}, tcp='null', timeout='null', deregisterCriticalServiceAfter='null', tlsSkipVerify=null, status='null', grpc='null', grpcUseTLS=null}, checks=null} 
cloud-consul-order-server 2023-03-13 17:29:45.447 INFO org.springframework.boot.StartupInfoLogger.logStarted Started OrderServerConsul in 4.573 seconds (JVM running for 5.485) 
cloud-consul-order-server 2023-03-13 17:29:46.022 INFO org.springframework.amqp.rabbit.connection.AbstractConnectionFactory.connectAddresses Attempting to connect to: [192.168.28.148:5672] 
cloud-consul-order-server 2023-03-13 17:29:46.024 INFO org.apache.juli.logging.DirectJDKLog.log Initializing Spring DispatcherServlet 'dispatcherServlet' 
cloud-consul-order-server 2023-03-13 17:29:46.025 INFO org.springframework.web.servlet.FrameworkServlet.initServletBean Initializing Servlet 'dispatcherServlet' 
cloud-consul-order-server 2023-03-13 17:29:46.027 INFO org.springframework.web.servlet.FrameworkServlet.initServletBean Completed initialization in 2 ms 
cloud-consul-order-server 2023-03-13 17:29:46.052 INFO org.springframework.amqp.rabbit.connection.AbstractConnectionFactory.createBareConnection Created new connection: rabbitConnectionFactory#a96d56c:0/SimpleConnection@3a344773 [delegate=amqp://guest@192.168.28.148:5672/, localPort= 58591] 
cloud-consul-order-server 2023-03-13 17:38:28.050 INFO org.springframework.cloud.consul.serviceregistry.ConsulServiceRegistry.deregister Deregistering service with consul: cloud-consul-order-server-9004 
cloud-consul-order-server 2023-03-13 17:38:33.804 INFO org.springframework.boot.StartupInfoLogger.logStarting Starting OrderServerConsul using Java 1.8.0_221 on xiaoxin-air14 with PID 19944 (D:\workspace\cloud-service\cloud-order-consul\target\classes started by lenovo in D:\workspace\cloud-service) 
cloud-consul-order-server 2023-03-13 17:38:33.806 DEBUG org.springframework.boot.StartupInfoLogger.logStarting Running with Spring Boot v2.6.4, Spring v5.3.16 
cloud-consul-order-server 2023-03-13 17:38:33.806 INFO org.springframework.boot.SpringApplication.logStartupProfileInfo No active profile set, falling back to 1 default profile: "default" 
cloud-consul-order-server 2023-03-13 17:38:34.665 INFO org.springframework.cloud.context.scope.GenericScope.setSerializationId BeanFactory id=b35a8165-88e8-3993-88b4-bc27a87f806c 
cloud-consul-order-server 2023-03-13 17:38:34.735 INFO org.springframework.context.support.PostProcessorRegistrationDelegate$BeanPostProcessorChecker.postProcessAfterInitialization Bean 'org.springframework.retry.annotation.RetryConfiguration' of type [org.springframework.retry.annotation.RetryConfiguration] is not eligible for getting processed by all BeanPostProcessors (for example: not eligible for auto-proxying) 
cloud-consul-order-server 2023-03-13 17:38:35.013 INFO org.springframework.boot.web.embedded.tomcat.TomcatWebServer.initialize Tomcat initialized with port(s): 9004 (http) 
cloud-consul-order-server 2023-03-13 17:38:35.020 INFO org.apache.juli.logging.DirectJDKLog.log Starting service [Tomcat] 
cloud-consul-order-server 2023-03-13 17:38:35.021 INFO org.apache.juli.logging.DirectJDKLog.log Starting Servlet engine: [Apache Tomcat/9.0.58] 
cloud-consul-order-server 2023-03-13 17:38:35.111 INFO org.apache.juli.logging.DirectJDKLog.log Initializing Spring embedded WebApplicationContext 
cloud-consul-order-server 2023-03-13 17:38:35.112 INFO org.springframework.boot.web.servlet.context.ServletWebServerApplicationContext.prepareWebApplicationContext Root WebApplicationContext: initialization completed in 1270 ms 
cloud-consul-order-server 2023-03-13 17:38:37.121 WARN org.springframework.cloud.loadbalancer.config.LoadBalancerCacheAutoConfiguration$LoadBalancerCaffeineWarnLogger.logWarning Spring Cloud LoadBalancer is currently working with the default cache. While this cache implementation is useful for development and tests, it's recommended to use Caffeine cache in production.You can switch to using Caffeine cache, by adding it and org.springframework.cache.caffeine.CaffeineCacheManager to the classpath. 
cloud-consul-order-server 2023-03-13 17:38:37.133 INFO org.springframework.boot.actuate.endpoint.web.EndpointLinksResolver.<init> Exposing 1 endpoint(s) beneath base path '/actuator' 
cloud-consul-order-server 2023-03-13 17:38:37.227 INFO org.springframework.boot.web.embedded.tomcat.TomcatWebServer.start Tomcat started on port(s): 9004 (http) with context path '' 
cloud-consul-order-server 2023-03-13 17:38:37.242 INFO org.springframework.cloud.consul.serviceregistry.ConsulServiceRegistry.register Registering service with consul: NewService{id='cloud-consul-order-server-9004', name='cloud-consul-order-server', tags=[], address='xiaoxin-air14', meta={secure=false}, port=9004, enableTagOverride=null, check=Check{script='null', dockerContainerID='null', shell='null', interval='10s', ttl='null', http='http://xiaoxin-air14:9004/actuator/health', method='null', header={}, tcp='null', timeout='null', deregisterCriticalServiceAfter='null', tlsSkipVerify=null, status='null', grpc='null', grpcUseTLS=null}, checks=null} 
cloud-consul-order-server 2023-03-13 17:38:37.575 INFO org.springframework.boot.StartupInfoLogger.logStarted Started OrderServerConsul in 4.457 seconds (JVM running for 5.263) 
cloud-consul-order-server 2023-03-13 17:38:37.962 INFO org.springframework.amqp.rabbit.connection.AbstractConnectionFactory.connectAddresses Attempting to connect to: [192.168.28.148:5672] 
cloud-consul-order-server 2023-03-13 17:38:37.965 INFO org.apache.juli.logging.DirectJDKLog.log Initializing Spring DispatcherServlet 'dispatcherServlet' 
cloud-consul-order-server 2023-03-13 17:38:37.966 INFO org.springframework.web.servlet.FrameworkServlet.initServletBean Initializing Servlet 'dispatcherServlet' 
cloud-consul-order-server 2023-03-13 17:38:37.968 INFO org.springframework.web.servlet.FrameworkServlet.initServletBean Completed initialization in 2 ms 
cloud-consul-order-server 2023-03-13 17:38:37.993 INFO org.springframework.amqp.rabbit.connection.AbstractConnectionFactory.createBareConnection Created new connection: rabbitConnectionFactory#2f4b98f6:0/SimpleConnection@3684df51 [delegate=amqp://guest@192.168.28.148:5672/, localPort= 59391] 
cloud-consul-order-server 2023-03-13 17:40:40.830 INFO org.springframework.cloud.consul.serviceregistry.ConsulServiceRegistry.deregister Deregistering service with consul: cloud-consul-order-server-9004 
cloud-consul-order-server 2023-03-13 17:40:46.544 INFO org.springframework.boot.StartupInfoLogger.logStarting Starting OrderServerConsul using Java 1.8.0_221 on xiaoxin-air14 with PID 7628 (D:\workspace\cloud-service\cloud-order-consul\target\classes started by lenovo in D:\workspace\cloud-service) 
cloud-consul-order-server 2023-03-13 17:40:46.546 DEBUG org.springframework.boot.StartupInfoLogger.logStarting Running with Spring Boot v2.6.4, Spring v5.3.16 
cloud-consul-order-server 2023-03-13 17:40:46.547 INFO org.springframework.boot.SpringApplication.logStartupProfileInfo No active profile set, falling back to 1 default profile: "default" 
cloud-consul-order-server 2023-03-13 17:40:47.328 INFO org.springframework.cloud.context.scope.GenericScope.setSerializationId BeanFactory id=b35a8165-88e8-3993-88b4-bc27a87f806c 
cloud-consul-order-server 2023-03-13 17:40:47.394 INFO org.springframework.context.support.PostProcessorRegistrationDelegate$BeanPostProcessorChecker.postProcessAfterInitialization Bean 'org.springframework.retry.annotation.RetryConfiguration' of type [org.springframework.retry.annotation.RetryConfiguration] is not eligible for getting processed by all BeanPostProcessors (for example: not eligible for auto-proxying) 
cloud-consul-order-server 2023-03-13 17:40:47.582 INFO org.springframework.boot.web.embedded.tomcat.TomcatWebServer.initialize Tomcat initialized with port(s): 9004 (http) 
cloud-consul-order-server 2023-03-13 17:40:47.589 INFO org.apache.juli.logging.DirectJDKLog.log Starting service [Tomcat] 
cloud-consul-order-server 2023-03-13 17:40:47.589 INFO org.apache.juli.logging.DirectJDKLog.log Starting Servlet engine: [Apache Tomcat/9.0.58] 
cloud-consul-order-server 2023-03-13 17:40:47.669 INFO org.apache.juli.logging.DirectJDKLog.log Initializing Spring embedded WebApplicationContext 
cloud-consul-order-server 2023-03-13 17:40:47.669 INFO org.springframework.boot.web.servlet.context.ServletWebServerApplicationContext.prepareWebApplicationContext Root WebApplicationContext: initialization completed in 1092 ms 
cloud-consul-order-server 2023-03-13 17:40:49.418 WARN org.springframework.cloud.loadbalancer.config.LoadBalancerCacheAutoConfiguration$LoadBalancerCaffeineWarnLogger.logWarning Spring Cloud LoadBalancer is currently working with the default cache. While this cache implementation is useful for development and tests, it's recommended to use Caffeine cache in production.You can switch to using Caffeine cache, by adding it and org.springframework.cache.caffeine.CaffeineCacheManager to the classpath. 
cloud-consul-order-server 2023-03-13 17:40:49.431 INFO org.springframework.boot.actuate.endpoint.web.EndpointLinksResolver.<init> Exposing 1 endpoint(s) beneath base path '/actuator' 
cloud-consul-order-server 2023-03-13 17:40:49.519 INFO org.springframework.boot.web.embedded.tomcat.TomcatWebServer.start Tomcat started on port(s): 9004 (http) with context path '' 
cloud-consul-order-server 2023-03-13 17:40:49.531 INFO org.springframework.cloud.consul.serviceregistry.ConsulServiceRegistry.register Registering service with consul: NewService{id='cloud-consul-order-server-9004', name='cloud-consul-order-server', tags=[], address='xiaoxin-air14', meta={secure=false}, port=9004, enableTagOverride=null, check=Check{script='null', dockerContainerID='null', shell='null', interval='10s', ttl='null', http='http://xiaoxin-air14:9004/actuator/health', method='null', header={}, tcp='null', timeout='null', deregisterCriticalServiceAfter='null', tlsSkipVerify=null, status='null', grpc='null', grpcUseTLS=null}, checks=null} 
cloud-consul-order-server 2023-03-13 17:40:49.871 INFO org.springframework.boot.StartupInfoLogger.logStarted Started OrderServerConsul in 3.972 seconds (JVM running for 4.733) 
cloud-consul-order-server 2023-03-13 17:40:50.343 INFO org.springframework.amqp.rabbit.connection.AbstractConnectionFactory.connectAddresses Attempting to connect to: [192.168.28.148:5672] 
cloud-consul-order-server 2023-03-13 17:40:50.345 INFO org.apache.juli.logging.DirectJDKLog.log Initializing Spring DispatcherServlet 'dispatcherServlet' 
cloud-consul-order-server 2023-03-13 17:40:50.345 INFO org.springframework.web.servlet.FrameworkServlet.initServletBean Initializing Servlet 'dispatcherServlet' 
cloud-consul-order-server 2023-03-13 17:40:50.347 INFO org.springframework.web.servlet.FrameworkServlet.initServletBean Completed initialization in 2 ms 
cloud-consul-order-server 2023-03-13 17:40:50.372 INFO org.springframework.amqp.rabbit.connection.AbstractConnectionFactory.createBareConnection Created new connection: rabbitConnectionFactory#421def93:0/SimpleConnection@69b6885c [delegate=amqp://guest@192.168.28.148:5672/, localPort= 59582] 
cloud-consul-order-server 2023-03-13 17:41:00.102 INFO com.jojo.controller.BaseController.getPayment BaseController getPayment() >>>> 
cloud-consul-order-server 2023-03-13 17:58:08.586 INFO org.springframework.cloud.consul.serviceregistry.ConsulServiceRegistry.deregister Deregistering service with consul: cloud-consul-order-server-9004 
cloud-consul-order-server 2023-03-13 20:19:12.025 INFO org.springframework.boot.StartupInfoLogger.logStarting Starting OrderServerConsul using Java 1.8.0_221 on xiaoxin-air14 with PID 12216 (D:\workspace\cloud-service\cloud-order-consul\target\classes started by lenovo in D:\workspace\cloud-service) 
cloud-consul-order-server 2023-03-13 20:19:12.029 DEBUG org.springframework.boot.StartupInfoLogger.logStarting Running with Spring Boot v2.6.4, Spring v5.3.16 
cloud-consul-order-server 2023-03-13 20:19:12.031 INFO org.springframework.boot.SpringApplication.logStartupProfileInfo No active profile set, falling back to 1 default profile: "default" 
cloud-consul-order-server 2023-03-13 20:19:13.868 INFO org.springframework.cloud.context.scope.GenericScope.setSerializationId BeanFactory id=b35a8165-88e8-3993-88b4-bc27a87f806c 
cloud-consul-order-server 2023-03-13 20:19:14.050 INFO org.springframework.context.support.PostProcessorRegistrationDelegate$BeanPostProcessorChecker.postProcessAfterInitialization Bean 'org.springframework.retry.annotation.RetryConfiguration' of type [org.springframework.retry.annotation.RetryConfiguration] is not eligible for getting processed by all BeanPostProcessors (for example: not eligible for auto-proxying) 
cloud-consul-order-server 2023-03-13 20:19:14.543 INFO org.springframework.boot.web.embedded.tomcat.TomcatWebServer.initialize Tomcat initialized with port(s): 9004 (http) 
cloud-consul-order-server 2023-03-13 20:19:14.556 INFO org.apache.juli.logging.DirectJDKLog.log Starting service [Tomcat] 
cloud-consul-order-server 2023-03-13 20:19:14.557 INFO org.apache.juli.logging.DirectJDKLog.log Starting Servlet engine: [Apache Tomcat/9.0.58] 
cloud-consul-order-server 2023-03-13 20:19:14.706 INFO org.apache.juli.logging.DirectJDKLog.log Initializing Spring embedded WebApplicationContext 
cloud-consul-order-server 2023-03-13 20:19:14.706 INFO org.springframework.boot.web.servlet.context.ServletWebServerApplicationContext.prepareWebApplicationContext Root WebApplicationContext: initialization completed in 2611 ms 
cloud-consul-order-server 2023-03-13 20:19:18.394 WARN org.springframework.cloud.loadbalancer.config.LoadBalancerCacheAutoConfiguration$LoadBalancerCaffeineWarnLogger.logWarning Spring Cloud LoadBalancer is currently working with the default cache. While this cache implementation is useful for development and tests, it's recommended to use Caffeine cache in production.You can switch to using Caffeine cache, by adding it and org.springframework.cache.caffeine.CaffeineCacheManager to the classpath. 
cloud-consul-order-server 2023-03-13 20:19:18.415 INFO org.springframework.boot.actuate.endpoint.web.EndpointLinksResolver.<init> Exposing 1 endpoint(s) beneath base path '/actuator' 
cloud-consul-order-server 2023-03-13 20:19:18.568 INFO org.springframework.boot.web.embedded.tomcat.TomcatWebServer.start Tomcat started on port(s): 9004 (http) with context path '' 
cloud-consul-order-server 2023-03-13 20:19:18.587 INFO org.springframework.cloud.consul.serviceregistry.ConsulServiceRegistry.register Registering service with consul: NewService{id='cloud-consul-order-server-9004', name='cloud-consul-order-server', tags=[], address='xiaoxin-air14', meta={secure=false}, port=9004, enableTagOverride=null, check=Check{script='null', dockerContainerID='null', shell='null', interval='10s', ttl='null', http='http://xiaoxin-air14:9004/actuator/health', method='null', header={}, tcp='null', timeout='null', deregisterCriticalServiceAfter='null', tlsSkipVerify=null, status='null', grpc='null', grpcUseTLS=null}, checks=null} 
cloud-consul-order-server 2023-03-13 20:19:19.134 INFO org.springframework.boot.StartupInfoLogger.logStarted Started OrderServerConsul in 8.319 seconds (JVM running for 9.218) 
cloud-consul-order-server 2023-03-13 20:19:19.591 INFO org.apache.juli.logging.DirectJDKLog.log Initializing Spring DispatcherServlet 'dispatcherServlet' 
cloud-consul-order-server 2023-03-13 20:19:19.592 INFO org.springframework.web.servlet.FrameworkServlet.initServletBean Initializing Servlet 'dispatcherServlet' 
cloud-consul-order-server 2023-03-13 20:19:19.595 INFO org.springframework.web.servlet.FrameworkServlet.initServletBean Completed initialization in 3 ms 
cloud-consul-order-server 2023-03-13 20:19:19.638 INFO org.springframework.amqp.rabbit.connection.AbstractConnectionFactory.connectAddresses Attempting to connect to: [192.168.28.148:5672] 
cloud-consul-order-server 2023-03-13 20:19:19.694 INFO org.springframework.amqp.rabbit.connection.AbstractConnectionFactory.createBareConnection Created new connection: rabbitConnectionFactory#3468ee6e:0/SimpleConnection@7e018aaf [delegate=amqp://guest@192.168.28.148:5672/, localPort= 50032] 
cloud-consul-order-server 2023-03-13 20:19:46.476 INFO com.jojo.controller.BaseController.getPayment BaseController getPayment() >>>> 
